05/06/2025 12:07:29.222+03:00 10876 MASTER start ipcname= demopdp nslave= 3 ipcslot= 64
05/06/2025 12:07:33.356+03:00 8416 SLAVE01 start ipcname= demopdp 1
05/06/2025 12:07:34.428+03:00 11032 SLAVE02 start ipcname= demopdp 2
05/06/2025 12:07:35.609+03:00 27036 SLAVE03 start ipcname= demopdp 3
05/06/2025 12:08:12.217+03:00 18732 MASTER start ipcname= demopdp nslave= 3 ipcslot= 64
05/06/2025 12:08:12.218+03:00 18732 MASTER ### already exist with pid= 10876
05/06/2025 12:08:12.218+03:00 18732 MASTER ENDED !
05/06/2025 12:08:17.508+03:00 30652 SLAVE01 start ipcname= demopdp 1
05/06/2025 12:08:17.509+03:00 30652 SLAVE01 ### already exist with pid= 8416
05/06/2025 12:08:17.509+03:00 30652 SLAVE01 ENDED !
05/06/2025 12:08:18.313+03:00 16940 SLAVE02 start ipcname= demopdp 2
05/06/2025 12:08:18.314+03:00 16940 SLAVE02 ### already exist with pid= 11032
05/06/2025 12:08:18.314+03:00 16940 SLAVE02 ENDED !
05/06/2025 12:08:19.336+03:00 2220 SLAVE03 start ipcname= demopdp 3
05/06/2025 12:08:19.336+03:00 2220 SLAVE03 ### already exist with pid= 27036
05/06/2025 12:08:19.337+03:00 2220 SLAVE03 ENDED !
05/06/2025 12:08:40.849+03:00 27036 SLAVE03 $$$ receive 0x0000000000000c44 DONE
05/06/2025 12:08:40.850+03:00 27036 SLAVE03 $$$ receive 0x0000000000000c48 DONE
05/06/2025 12:08:40.849+03:00 8416 SLAVE01 $$$ receive 0x0000000000000c41 DONE
05/06/2025 12:08:40.850+03:00 8416 SLAVE01 $$$ receive 0x0000000000000c47 DONE
05/06/2025 12:08:40.849+03:00 11032 SLAVE02 $$$ receive 0x0000000000000c42 DONE
05/06/2025 12:08:41.362+03:00 11032 SLAVE02 $$$ receive 0x0000000000000c4f DONE
05/06/2025 12:08:41.363+03:00 8416 SLAVE01 $$$ receive 0x0000000000000c49 DONE
05/06/2025 12:08:41.363+03:00 27036 SLAVE03 $$$ receive 0x0000000000000c4a DONE
05/06/2025 12:08:41.872+03:00 8416 SLAVE01 $$$ receive 0x0000000000000c4b DONE
05/06/2025 12:08:41.872+03:00 11032 SLAVE02 ### receive 0x0000000000000c42 NTD
05/06/2025 12:08:41.872+03:00 27036 SLAVE03 $$$ receive 0x0000000000000c4c DONE
05/06/2025 12:08:42.386+03:00 11032 SLAVE02 $$$ receive 0x0000000000000c50 DONE
05/06/2025 12:08:42.386+03:00 27036 SLAVE03 $$$ receive 0x0000000000000c51 DONE
05/06/2025 12:08:42.399+03:00 8416 SLAVE01 $$$ receive 0x0000000000000c4d DONE
05/06/2025 12:08:42.895+03:00 11032 SLAVE02 $$$ receive 0x0000000000000c52 DONE
05/06/2025 12:08:42.895+03:00 8416 SLAVE01 $$$ receive 0x0000000000000c4e DONE
05/06/2025 12:08:42.895+03:00 27036 SLAVE03 $$$ receive 0x0000000000000c53 DONE
05/06/2025 12:08:43.408+03:00 8416 SLAVE01 $$$ receive 0x0000000000000c54 DONE
05/06/2025 12:09:00.281+03:00 10876 MASTER ### statistics 0 0

          nslave
----------------                                  ----------
         1       semsta=    wait          PID=      8416
         2       semsta=    wait          PID=     11032
         3       semsta=    wait          PID=     27036

bunch                   nslave              tim1             tim
ckey------------------------------------------------------------
                        1           43,723                0

                        2           43,722                0

                        3           43,722                0

05/06/2025 12:09:17.175+03:00 27036 SLAVE03 $$$ receive 0x0000000000000c44 DONE
05/06/2025 12:09:17.175+03:00 8416 SLAVE01 $$$ receive 0x0000000000000c41 DONE
05/06/2025 12:09:17.175+03:00 11032 SLAVE02 $$$ receive 0x0000000000000c42 DONE
05/06/2025 12:09:17.688+03:00 8416 SLAVE01 $$$ receive 0x0000000000000c47 DONE
05/06/2025 12:09:17.689+03:00 27036 SLAVE03 $$$ receive 0x0000000000000c48 DONE
05/06/2025 12:09:17.688+03:00 11032 SLAVE02 $$$ receive 0x0000000000000c4f DONE
05/06/2025 12:09:18.204+03:00 11032 SLAVE02 ### receive 0x0000000000000c42 NTD
05/06/2025 12:09:18.205+03:00 27036 SLAVE03 $$$ receive 0x0000000000000c4a DONE
05/06/2025 12:09:18.205+03:00 8416 SLAVE01 $$$ receive 0x0000000000000c49 DONE
05/06/2025 12:09:18.715+03:00 27036 SLAVE03 $$$ receive 0x0000000000000c4d DONE
05/06/2025 12:09:18.715+03:00 11032 SLAVE02 $$$ receive 0x0000000000000c4c DONE
05/06/2025 12:09:18.715+03:00 8416 SLAVE01 $$$ receive 0x0000000000000c4b DONE
05/06/2025 12:09:19.229+03:00 8416 SLAVE01 $$$ receive 0x0000000000000c50 DONE
05/06/2025 12:09:19.229+03:00 27036 SLAVE03 $$$ receive 0x0000000000000c4e DONE
05/06/2025 12:09:19.229+03:00 11032 SLAVE02 $$$ receive 0x0000000000000c51 DONE
05/06/2025 12:09:19.745+03:00 27036 SLAVE03 $$$ receive 0x0000000000000c54 DONE
05/06/2025 12:09:19.745+03:00 8416 SLAVE01 $$$ receive 0x0000000000000c52 DONE
05/06/2025 12:09:19.747+03:00 11032 SLAVE02 $$$ receive 0x0000000000000c53 DONE
05/06/2025 12:09:29.989+03:00 10876 MASTER receive STOP signal !
05/06/2025 12:09:29.989+03:00 10876 MASTER ENDED !
05/06/2025 12:09:29.989+03:00 11032 SLAVE02 receive STOP signal !
05/06/2025 12:09:29.990+03:00 11032 SLAVE02 ENDED !
05/06/2025 12:09:29.989+03:00 27036 SLAVE03 receive STOP signal !
05/06/2025 12:09:29.989+03:00 27036 SLAVE03 ENDED !
05/06/2025 12:09:29.989+03:00 8416 SLAVE01 receive STOP signal !
05/06/2025 12:09:29.989+03:00 8416 SLAVE01 ENDED !
